<?xml version="1.0" encoding="UTF-8"?>
<!-- Generated by org.testng.reporters.JUnitReportReporter -->
<testsuite hostname="MBP-23.local" failures="0" tests="4" name="cucumberParallel.RunCucumberTest" time="48.276" errors="0" timestamp="2021-10-01T11:02:50 PDT" skipped="0">
  <testcase classname="cucumberParallel.RunCucumberTest" name="runScenario" time="10.748"/>
  <system-out/>
  <testcase classname="cucumberParallel.RunCucumberTest" name="runScenario" time="16.435"/>
  <system-out/>
  <testcase classname="cucumberParallel.RunCucumberTest" name="runScenario" time="10.810"/>
  <system-out/>
  <testcase classname="cucumberParallel.RunCucumberTest" name="runScenario" time="10.283"/>
  <system-out/>
</testsuite> <!-- cucumberParallel.RunCucumberTest -->
