<?xml version="1.0" encoding="UTF-8"?>
<!-- Generated by org.testng.reporters.JUnitReportReporter -->
<testsuite hostname="MBP-23.local" failures="0" tests="2" name="seleniumCucumberReact.RunCucumberTest" time="22.931" errors="0" timestamp="2021-09-29T13:53:52 PDT" skipped="0">
  <testcase classname="seleniumCucumberReact.RunCucumberTest" name="runScenario" time="11.591"/>
  <system-out/>
  <testcase classname="seleniumCucumberReact.RunCucumberTest" name="runScenario" time="11.340"/>
  <system-out/>
</testsuite> <!-- seleniumCucumberReact.RunCucumberTest -->
